2016-12-15 01:05:41 INFO  Application:53 - Generating random price
2016-12-15 01:05:41 INFO  StockController:23 - Called createStock method.
2016-12-15 01:05:41 INFO  Application:53 - Generating random price
2016-12-15 01:05:41 INFO  StockController:23 - Called createStock method.
2016-12-15 01:05:41 INFO  Application:53 - Generating random price
2016-12-15 01:05:41 INFO  StockController:23 - Called createStock method.
2016-12-15 01:05:41 INFO  Application:53 - Generating random price
2016-12-15 01:05:41 INFO  StockController:23 - Called createStock method.
2016-12-15 01:05:41 INFO  Application:53 - Generating random price
2016-12-15 01:05:41 INFO  StockController:23 - Called createStock method.
2016-12-15 01:05:41 INFO  StockController:40 - Called calculateDividendYield method.
2016-12-15 01:06:14 INFO  Application:53 - Generating random price
2016-12-15 01:06:14 INFO  StockController:23 - Called createStock method.
2016-12-15 01:06:14 INFO  Application:53 - Generating random price
2016-12-15 01:06:14 INFO  StockController:23 - Called createStock method.
2016-12-15 01:06:14 INFO  Application:53 - Generating random price
2016-12-15 01:06:14 INFO  StockController:23 - Called createStock method.
2016-12-15 01:06:14 INFO  Application:53 - Generating random price
2016-12-15 01:06:14 INFO  StockController:23 - Called createStock method.
2016-12-15 01:06:14 INFO  Application:53 - Generating random price
2016-12-15 01:06:14 INFO  StockController:23 - Called createStock method.
2016-12-15 01:06:14 INFO  StockController:40 - Called calculateDividendYield method.
2016-12-15 01:06:19 INFO  Application:53 - Generating random price
2016-12-15 01:06:19 INFO  StockController:23 - Called createStock method.
2016-12-15 01:06:19 INFO  Application:53 - Generating random price
2016-12-15 01:06:19 INFO  StockController:23 - Called createStock method.
2016-12-15 01:06:19 INFO  Application:53 - Generating random price
2016-12-15 01:06:19 INFO  StockController:23 - Called createStock method.
2016-12-15 01:06:19 INFO  Application:53 - Generating random price
2016-12-15 01:06:19 INFO  StockController:23 - Called createStock method.
2016-12-15 01:06:19 INFO  Application:53 - Generating random price
2016-12-15 01:06:19 INFO  StockController:23 - Called createStock method.
2016-12-15 01:06:19 INFO  StockController:40 - Called calculateDividendYield method.
2016-12-15 01:08:02 INFO  Application:53 - Generating random price
2016-12-15 01:08:02 INFO  StockController:23 - Called createStock method.
2016-12-15 01:09:11 INFO  Application:53 - Generating random price
2016-12-15 01:09:11 INFO  StockController:23 - Called createStock method.
2016-12-15 01:09:11 INFO  Application:53 - Generating random price
2016-12-15 01:09:11 INFO  StockController:23 - Called createStock method.
2016-12-15 01:09:11 INFO  Application:53 - Generating random price
2016-12-15 01:09:11 INFO  StockController:23 - Called createStock method.
2016-12-15 01:09:11 INFO  Application:53 - Generating random price
2016-12-15 01:09:11 INFO  StockController:23 - Called createStock method.
2016-12-15 01:09:11 INFO  Application:53 - Generating random price
2016-12-15 01:09:11 INFO  StockController:23 - Called createStock method.
2016-12-15 01:09:11 INFO  StockController:40 - Called calculateDividendYield method.
2016-12-15 01:09:11 INFO  Application:41 - The Dividend Yield is 127.42835859532876
2016-12-15 01:09:11 INFO  StockController:40 - Called calculateDividendYield method.
2016-12-15 01:09:11 INFO  Application:42 - The P/E Ratio is 127.42835859532876
2016-12-15 01:09:11 INFO  Application:53 - Generating random price
2016-12-15 01:09:11 INFO  Application:57 - Generating random Quantity
2016-12-15 01:09:11 INFO  StockController:23 - Called buy method.
2016-12-15 01:09:11 INFO  Application:53 - Generating random price
2016-12-15 01:09:11 INFO  Application:57 - Generating random Quantity
2016-12-15 01:09:11 INFO  StockController:38 - Called sell method.
2016-12-15 01:09:11 INFO  StockController:40 - Called calculateDividendYield method.
2016-12-15 01:09:11 INFO  Application:41 - The Dividend Yield is 4272.408854641556
2016-12-15 01:09:11 INFO  StockController:40 - Called calculateDividendYield method.
2016-12-15 01:09:11 INFO  Application:42 - The P/E Ratio is 4272.408854641556
2016-12-15 01:09:11 INFO  Application:53 - Generating random price
2016-12-15 01:09:11 INFO  Application:57 - Generating random Quantity
2016-12-15 01:09:11 INFO  StockController:23 - Called buy method.
2016-12-15 01:09:11 INFO  Application:53 - Generating random price
2016-12-15 01:09:11 INFO  Application:57 - Generating random Quantity
2016-12-15 01:09:11 INFO  StockController:38 - Called sell method.
2016-12-15 01:09:11 INFO  StockController:40 - Called calculateDividendYield method.
2016-12-15 01:09:11 INFO  Application:41 - The Dividend Yield is 25.113164590712202
2016-12-15 01:09:11 INFO  StockController:40 - Called calculateDividendYield method.
2016-12-15 01:09:11 INFO  Application:42 - The P/E Ratio is 25.113164590712202
2016-12-15 01:09:11 INFO  Application:53 - Generating random price
2016-12-15 01:09:11 INFO  Application:57 - Generating random Quantity
2016-12-15 01:09:11 INFO  StockController:23 - Called buy method.
2016-12-15 01:09:11 INFO  Application:53 - Generating random price
2016-12-15 01:09:11 INFO  Application:57 - Generating random Quantity
2016-12-15 01:09:11 INFO  StockController:38 - Called sell method.
2016-12-15 01:09:11 INFO  StockController:40 - Called calculateDividendYield method.
2016-12-15 01:09:11 INFO  Application:41 - The Dividend Yield is 40.98123120010597
2016-12-15 01:09:11 INFO  StockController:40 - Called calculateDividendYield method.
2016-12-15 01:09:11 INFO  Application:42 - The P/E Ratio is 40.98123120010597
2016-12-15 01:09:11 INFO  Application:53 - Generating random price
2016-12-15 01:09:11 INFO  Application:57 - Generating random Quantity
2016-12-15 01:09:11 INFO  StockController:23 - Called buy method.
2016-12-15 01:09:11 INFO  Application:53 - Generating random price
2016-12-15 01:09:11 INFO  Application:57 - Generating random Quantity
2016-12-15 01:09:11 INFO  StockController:38 - Called sell method.
2016-12-15 01:09:11 INFO  StockController:40 - Called calculateDividendYield method.
2016-12-15 01:09:11 INFO  Application:41 - The Dividend Yield is 0.0
2016-12-15 01:09:11 INFO  StockController:40 - Called calculateDividendYield method.
2016-12-15 01:09:11 INFO  Application:42 - The P/E Ratio is 0.0
2016-12-15 01:09:11 INFO  Application:53 - Generating random price
2016-12-15 01:09:11 INFO  Application:57 - Generating random Quantity
2016-12-15 01:09:11 INFO  StockController:23 - Called buy method.
2016-12-15 01:09:11 INFO  Application:53 - Generating random price
2016-12-15 01:09:11 INFO  Application:57 - Generating random Quantity
2016-12-15 01:09:11 INFO  StockController:38 - Called sell method.
2016-12-15 01:09:11 INFO  StockController:50 - Called calculateVolumeWeightedStockPrice method.
2016-12-15 01:09:11 INFO  Application:46 - The Volume Weighted Stock Price is -5.911589271685942
2016-12-15 01:09:11 INFO  StockController:56 - Called calculateGBCE method.
2016-12-15 01:10:04 INFO  Application:53 - Generating random price
2016-12-15 01:10:04 INFO  StockController:23 - Called createStock method.
2016-12-15 01:10:04 INFO  Application:53 - Generating random price
2016-12-15 01:10:04 INFO  StockController:23 - Called createStock method.
2016-12-15 01:10:04 INFO  Application:53 - Generating random price
2016-12-15 01:10:04 INFO  StockController:23 - Called createStock method.
2016-12-15 01:10:04 INFO  Application:53 - Generating random price
2016-12-15 01:10:04 INFO  StockController:23 - Called createStock method.
2016-12-15 01:10:04 INFO  Application:53 - Generating random price
2016-12-15 01:10:04 INFO  StockController:23 - Called createStock method.
2016-12-15 01:10:04 INFO  StockController:40 - Called calculateDividendYield method.
2016-12-15 01:10:04 INFO  Application:41 - The Dividend Yield is 45.31675016747423
2016-12-15 01:10:04 INFO  StockController:40 - Called calculateDividendYield method.
2016-12-15 01:10:04 INFO  Application:42 - The P/E Ratio is 45.31675016747423
2016-12-15 01:10:04 INFO  Application:53 - Generating random price
2016-12-15 01:10:04 INFO  Application:57 - Generating random Quantity
2016-12-15 01:10:04 INFO  StockController:23 - Called buy method.
2016-12-15 01:10:04 INFO  Application:53 - Generating random price
2016-12-15 01:10:04 INFO  Application:57 - Generating random Quantity
2016-12-15 01:10:04 INFO  StockController:38 - Called sell method.
2016-12-15 01:10:04 INFO  StockController:40 - Called calculateDividendYield method.
2016-12-15 01:10:04 INFO  Application:41 - The Dividend Yield is 326.67815582566124
2016-12-15 01:10:04 INFO  StockController:40 - Called calculateDividendYield method.
2016-12-15 01:10:04 INFO  Application:42 - The P/E Ratio is 326.67815582566124
2016-12-15 01:10:04 INFO  Application:53 - Generating random price
2016-12-15 01:10:04 INFO  Application:57 - Generating random Quantity
2016-12-15 01:10:04 INFO  StockController:23 - Called buy method.
2016-12-15 01:10:04 INFO  Application:53 - Generating random price
2016-12-15 01:10:04 INFO  Application:57 - Generating random Quantity
2016-12-15 01:10:04 INFO  StockController:38 - Called sell method.
2016-12-15 01:10:04 INFO  StockController:40 - Called calculateDividendYield method.
2016-12-15 01:10:04 INFO  Application:41 - The Dividend Yield is 31.050332280993782
2016-12-15 01:10:04 INFO  StockController:40 - Called calculateDividendYield method.
2016-12-15 01:10:04 INFO  Application:42 - The P/E Ratio is 31.050332280993782
2016-12-15 01:10:04 INFO  Application:53 - Generating random price
2016-12-15 01:10:04 INFO  Application:57 - Generating random Quantity
2016-12-15 01:10:04 INFO  StockController:23 - Called buy method.
2016-12-15 01:10:04 INFO  Application:53 - Generating random price
2016-12-15 01:10:04 INFO  Application:57 - Generating random Quantity
2016-12-15 01:10:04 INFO  StockController:38 - Called sell method.
2016-12-15 01:10:04 INFO  StockController:40 - Called calculateDividendYield method.
2016-12-15 01:10:04 INFO  Application:41 - The Dividend Yield is 10.42005760511365
2016-12-15 01:10:04 INFO  StockController:40 - Called calculateDividendYield method.
2016-12-15 01:10:04 INFO  Application:42 - The P/E Ratio is 10.42005760511365
2016-12-15 01:10:04 INFO  Application:53 - Generating random price
2016-12-15 01:10:04 INFO  Application:57 - Generating random Quantity
2016-12-15 01:10:04 INFO  StockController:23 - Called buy method.
2016-12-15 01:10:04 INFO  Application:53 - Generating random price
2016-12-15 01:10:04 INFO  Application:57 - Generating random Quantity
2016-12-15 01:10:04 INFO  StockController:38 - Called sell method.
2016-12-15 01:10:04 INFO  StockController:40 - Called calculateDividendYield method.
2016-12-15 01:10:04 INFO  Application:41 - The Dividend Yield is 0.0
2016-12-15 01:10:04 INFO  StockController:40 - Called calculateDividendYield method.
2016-12-15 01:10:04 INFO  Application:42 - The P/E Ratio is 0.0
2016-12-15 01:10:04 INFO  Application:53 - Generating random price
2016-12-15 01:10:04 INFO  Application:57 - Generating random Quantity
2016-12-15 01:10:04 INFO  StockController:23 - Called buy method.
2016-12-15 01:10:04 INFO  Application:53 - Generating random price
2016-12-15 01:10:04 INFO  Application:57 - Generating random Quantity
2016-12-15 01:10:04 INFO  StockController:38 - Called sell method.
2016-12-15 01:10:04 INFO  StockController:50 - Called calculateVolumeWeightedStockPrice method.
2016-12-15 01:10:05 INFO  Application:46 - The Volume Weighted Stock Price is -0.9793063454475447
2016-12-15 01:10:05 INFO  StockController:56 - Called calculateGBCE method.
2016-12-15 01:10:22 INFO  Application:53 - Generating random price
2016-12-15 01:10:22 INFO  StockController:23 - Called createStock method.
2016-12-15 01:10:33 INFO  Application:53 - Generating random price
2016-12-15 01:10:33 INFO  StockController:23 - Called createStock method.
2016-12-15 01:10:33 INFO  Application:53 - Generating random price
2016-12-15 01:10:33 INFO  StockController:23 - Called createStock method.
2016-12-15 01:10:33 INFO  Application:53 - Generating random price
2016-12-15 01:10:33 INFO  StockController:23 - Called createStock method.
2016-12-15 01:10:33 INFO  Application:53 - Generating random price
2016-12-15 01:10:33 INFO  StockController:23 - Called createStock method.
2016-12-15 01:10:34 INFO  StockController:40 - Called calculateDividendYield method.
2016-12-15 01:10:44 INFO  Application:41 - The Dividend Yield is 30.885174315698123
2016-12-15 01:10:44 INFO  StockController:40 - Called calculateDividendYield method.
2016-12-15 01:10:44 INFO  Application:42 - The P/E Ratio is 30.885174315698123
2016-12-15 01:10:44 INFO  Application:53 - Generating random price
2016-12-15 01:10:44 INFO  Application:57 - Generating random Quantity
2016-12-15 01:10:44 INFO  StockController:23 - Called buy method.
2016-12-15 01:10:44 INFO  Application:53 - Generating random price
2016-12-15 01:10:44 INFO  Application:57 - Generating random Quantity
2016-12-15 01:10:44 INFO  StockController:38 - Called sell method.
2016-12-15 01:10:52 INFO  StockController:40 - Called calculateDividendYield method.
2016-12-15 01:10:52 INFO  Application:41 - The Dividend Yield is 256.752089337021
2016-12-15 01:10:52 INFO  StockController:40 - Called calculateDividendYield method.
2016-12-15 01:10:52 INFO  Application:42 - The P/E Ratio is 256.752089337021
2016-12-15 01:10:52 INFO  Application:53 - Generating random price
2016-12-15 01:10:52 INFO  Application:57 - Generating random Quantity
2016-12-15 01:10:52 INFO  StockController:23 - Called buy method.
2016-12-15 01:10:52 INFO  Application:53 - Generating random price
2016-12-15 01:10:52 INFO  Application:57 - Generating random Quantity
2016-12-15 01:10:52 INFO  StockController:38 - Called sell method.
2016-12-15 01:10:52 INFO  StockController:40 - Called calculateDividendYield method.
2016-12-15 01:10:52 INFO  Application:41 - The Dividend Yield is 19.165942548419842
2016-12-15 01:10:52 INFO  StockController:40 - Called calculateDividendYield method.
2016-12-15 01:10:52 INFO  Application:42 - The P/E Ratio is 19.165942548419842
2016-12-15 01:10:52 INFO  Application:53 - Generating random price
2016-12-15 01:10:52 INFO  Application:57 - Generating random Quantity
2016-12-15 01:10:52 INFO  StockController:23 - Called buy method.
2016-12-15 01:10:52 INFO  Application:53 - Generating random price
2016-12-15 01:10:52 INFO  Application:57 - Generating random Quantity
2016-12-15 01:10:52 INFO  StockController:38 - Called sell method.
2016-12-15 01:10:52 INFO  StockController:40 - Called calculateDividendYield method.
2016-12-15 01:10:52 INFO  Application:41 - The Dividend Yield is 123.1343145155289
2016-12-15 01:10:52 INFO  StockController:40 - Called calculateDividendYield method.
2016-12-15 01:10:52 INFO  Application:42 - The P/E Ratio is 123.1343145155289
2016-12-15 01:10:52 INFO  Application:53 - Generating random price
2016-12-15 01:10:52 INFO  Application:57 - Generating random Quantity
2016-12-15 01:10:52 INFO  StockController:23 - Called buy method.
2016-12-15 01:10:52 INFO  Application:53 - Generating random price
2016-12-15 01:10:52 INFO  Application:57 - Generating random Quantity
2016-12-15 01:10:52 INFO  StockController:38 - Called sell method.
2016-12-15 01:10:52 INFO  StockController:40 - Called calculateDividendYield method.
2016-12-15 01:10:52 INFO  Application:41 - The Dividend Yield is 0.0
2016-12-15 01:10:52 INFO  StockController:40 - Called calculateDividendYield method.
2016-12-15 01:10:52 INFO  Application:42 - The P/E Ratio is 0.0
2016-12-15 01:10:52 INFO  Application:53 - Generating random price
2016-12-15 01:10:52 INFO  Application:57 - Generating random Quantity
2016-12-15 01:10:52 INFO  StockController:23 - Called buy method.
2016-12-15 01:10:52 INFO  Application:53 - Generating random price
2016-12-15 01:10:52 INFO  Application:57 - Generating random Quantity
2016-12-15 01:10:52 INFO  StockController:38 - Called sell method.
2016-12-15 01:10:52 INFO  StockController:50 - Called calculateVolumeWeightedStockPrice method.
2016-12-15 01:10:52 INFO  Application:46 - The Volume Weighted Stock Price is -1.0661229021515028
2016-12-15 01:10:52 INFO  StockController:56 - Called calculateGBCE method.
2016-12-15 01:11:55 INFO  Application:53 - Generating random price
2016-12-15 01:11:55 INFO  StockController:23 - Called createStock method.
2016-12-15 01:11:55 INFO  Application:53 - Generating random price
2016-12-15 01:11:55 INFO  StockController:23 - Called createStock method.
2016-12-15 01:11:55 INFO  Application:53 - Generating random price
2016-12-15 01:11:55 INFO  StockController:23 - Called createStock method.
2016-12-15 01:11:55 INFO  Application:53 - Generating random price
2016-12-15 01:11:55 INFO  StockController:23 - Called createStock method.
2016-12-15 01:11:55 INFO  Application:53 - Generating random price
2016-12-15 01:11:55 INFO  StockController:23 - Called createStock method.
2016-12-15 01:11:55 INFO  StockController:40 - Called calculateDividendYield method.
2016-12-15 01:11:55 INFO  Application:41 - The Dividend Yield is 23.280508118349715
2016-12-15 01:11:55 INFO  StockController:40 - Called calculateDividendYield method.
2016-12-15 01:11:55 INFO  Application:42 - The P/E Ratio is 23.280508118349715
2016-12-15 01:11:55 INFO  Application:53 - Generating random price
2016-12-15 01:11:55 INFO  Application:57 - Generating random Quantity
2016-12-15 01:11:55 INFO  StockController:23 - Called buy method.
2016-12-15 01:11:55 INFO  Application:53 - Generating random price
2016-12-15 01:11:55 INFO  Application:57 - Generating random Quantity
2016-12-15 01:11:55 INFO  StockController:39 - Called sell method.
2016-12-15 01:11:55 INFO  StockController:40 - Called calculateDividendYield method.
2016-12-15 01:11:55 INFO  Application:41 - The Dividend Yield is 415.8657310451385
2016-12-15 01:11:55 INFO  StockController:40 - Called calculateDividendYield method.
2016-12-15 01:11:55 INFO  Application:42 - The P/E Ratio is 415.8657310451385
2016-12-15 01:11:55 INFO  Application:53 - Generating random price
2016-12-15 01:11:55 INFO  Application:57 - Generating random Quantity
2016-12-15 01:11:55 INFO  StockController:23 - Called buy method.
2016-12-15 01:11:55 INFO  Application:53 - Generating random price
2016-12-15 01:11:55 INFO  Application:57 - Generating random Quantity
2016-12-15 01:11:55 INFO  StockController:39 - Called sell method.
2016-12-15 01:11:55 INFO  StockController:40 - Called calculateDividendYield method.
2016-12-15 01:11:55 INFO  Application:41 - The Dividend Yield is 30.689079685244497
2016-12-15 01:11:55 INFO  StockController:40 - Called calculateDividendYield method.
2016-12-15 01:11:55 INFO  Application:42 - The P/E Ratio is 30.689079685244497
2016-12-15 01:11:55 INFO  Application:53 - Generating random price
2016-12-15 01:11:55 INFO  Application:57 - Generating random Quantity
2016-12-15 01:11:55 INFO  StockController:23 - Called buy method.
2016-12-15 01:11:55 INFO  Application:53 - Generating random price
2016-12-15 01:11:55 INFO  Application:57 - Generating random Quantity
2016-12-15 01:11:55 INFO  StockController:39 - Called sell method.
2016-12-15 01:11:55 INFO  StockController:40 - Called calculateDividendYield method.
2016-12-15 01:11:55 INFO  Application:41 - The Dividend Yield is 9.982030215373232
2016-12-15 01:11:55 INFO  StockController:40 - Called calculateDividendYield method.
2016-12-15 01:11:55 INFO  Application:42 - The P/E Ratio is 9.982030215373232
2016-12-15 01:11:55 INFO  Application:53 - Generating random price
2016-12-15 01:11:55 INFO  Application:57 - Generating random Quantity
2016-12-15 01:11:55 INFO  StockController:23 - Called buy method.
2016-12-15 01:11:55 INFO  Application:53 - Generating random price
2016-12-15 01:11:55 INFO  Application:57 - Generating random Quantity
2016-12-15 01:11:55 INFO  StockController:39 - Called sell method.
2016-12-15 01:11:55 INFO  StockController:40 - Called calculateDividendYield method.
2016-12-15 01:11:55 INFO  Application:41 - The Dividend Yield is 0.0
2016-12-15 01:11:55 INFO  StockController:40 - Called calculateDividendYield method.
2016-12-15 01:11:55 INFO  Application:42 - The P/E Ratio is 0.0
2016-12-15 01:11:55 INFO  Application:53 - Generating random price
2016-12-15 01:11:55 INFO  Application:57 - Generating random Quantity
2016-12-15 01:11:55 INFO  StockController:23 - Called buy method.
2016-12-15 01:11:55 INFO  Application:53 - Generating random price
2016-12-15 01:11:55 INFO  Application:57 - Generating random Quantity
2016-12-15 01:11:55 INFO  StockController:39 - Called sell method.
2016-12-15 01:11:55 INFO  StockController:50 - Called calculateVolumeWeightedStockPrice method.
2016-12-15 01:11:55 INFO  Application:46 - The Volume Weighted Stock Price is -2.741095818315785
2016-12-15 01:11:55 INFO  StockController:56 - Called calculateGBCE method.
2016-12-15 01:11:55 INFO  Application:47 - The GBCE Price is 4.558301089920369E-29
2016-12-15 01:15:34 INFO  Application:53 - Generating random price
2016-12-15 01:15:34 INFO  StockController:23 - Called createStock method.
2016-12-15 01:15:34 INFO  Application:53 - Generating random price
2016-12-15 01:15:34 INFO  StockController:23 - Called createStock method.
2016-12-15 01:15:34 INFO  Application:53 - Generating random price
2016-12-15 01:15:34 INFO  StockController:23 - Called createStock method.
2016-12-15 01:15:34 INFO  Application:53 - Generating random price
2016-12-15 01:15:34 INFO  StockController:23 - Called createStock method.
2016-12-15 01:15:34 INFO  Application:53 - Generating random price
2016-12-15 01:15:34 INFO  StockController:23 - Called createStock method.
2016-12-15 01:15:34 INFO  StockController:40 - Called calculateDividendYield method.
2016-12-15 01:15:34 INFO  Application:41 - The Dividend Yield is 71.66767454964118
2016-12-15 01:15:34 INFO  StockController:40 - Called calculateDividendYield method.
2016-12-15 01:15:34 INFO  Application:42 - The P/E Ratio is 71.66767454964118
2016-12-15 01:15:34 INFO  Application:53 - Generating random price
2016-12-15 01:15:34 INFO  Application:57 - Generating random Quantity
2016-12-15 01:15:34 INFO  StockController:23 - Called buy method.
2016-12-15 01:15:34 INFO  Application:53 - Generating random price
2016-12-15 01:15:34 INFO  Application:57 - Generating random Quantity
2016-12-15 01:15:34 INFO  StockController:39 - Called sell method.
2016-12-15 01:15:34 INFO  StockController:40 - Called calculateDividendYield method.
2016-12-15 01:15:34 INFO  Application:41 - The Dividend Yield is 393.5846903797027
2016-12-15 01:15:34 INFO  StockController:40 - Called calculateDividendYield method.
2016-12-15 01:15:34 INFO  Application:42 - The P/E Ratio is 393.5846903797027
2016-12-15 01:15:34 INFO  Application:53 - Generating random price
2016-12-15 01:15:34 INFO  Application:57 - Generating random Quantity
2016-12-15 01:15:34 INFO  StockController:23 - Called buy method.
2016-12-15 01:15:34 INFO  Application:53 - Generating random price
2016-12-15 01:15:34 INFO  Application:57 - Generating random Quantity
2016-12-15 01:15:34 INFO  StockController:39 - Called sell method.
2016-12-15 01:15:34 INFO  StockController:40 - Called calculateDividendYield method.
2016-12-15 01:15:34 INFO  Application:41 - The Dividend Yield is 15.17052628554209
2016-12-15 01:15:34 INFO  StockController:40 - Called calculateDividendYield method.
2016-12-15 01:15:34 INFO  Application:42 - The P/E Ratio is 15.17052628554209
2016-12-15 01:15:34 INFO  Application:53 - Generating random price
2016-12-15 01:15:34 INFO  Application:57 - Generating random Quantity
2016-12-15 01:15:34 INFO  StockController:23 - Called buy method.
2016-12-15 01:15:34 INFO  Application:53 - Generating random price
2016-12-15 01:15:34 INFO  Application:57 - Generating random Quantity
2016-12-15 01:15:34 INFO  StockController:39 - Called sell method.
2016-12-15 01:15:34 INFO  StockController:40 - Called calculateDividendYield method.
2016-12-15 01:15:34 INFO  Application:41 - The Dividend Yield is 66.66133806789331
2016-12-15 01:15:34 INFO  StockController:40 - Called calculateDividendYield method.
2016-12-15 01:15:34 INFO  Application:42 - The P/E Ratio is 66.66133806789331
2016-12-15 01:15:34 INFO  Application:53 - Generating random price
2016-12-15 01:15:34 INFO  Application:57 - Generating random Quantity
2016-12-15 01:15:34 INFO  StockController:23 - Called buy method.
2016-12-15 01:15:34 INFO  Application:53 - Generating random price
2016-12-15 01:15:34 INFO  Application:57 - Generating random Quantity
2016-12-15 01:15:34 INFO  StockController:39 - Called sell method.
2016-12-15 01:15:34 INFO  StockController:40 - Called calculateDividendYield method.
2016-12-15 01:15:34 INFO  Application:41 - The Dividend Yield is 0.0
2016-12-15 01:15:34 INFO  StockController:40 - Called calculateDividendYield method.
2016-12-15 01:15:34 INFO  Application:42 - The P/E Ratio is 0.0
2016-12-15 01:15:34 INFO  Application:53 - Generating random price
2016-12-15 01:15:34 INFO  Application:57 - Generating random Quantity
2016-12-15 01:15:34 INFO  StockController:23 - Called buy method.
2016-12-15 01:15:34 INFO  Application:53 - Generating random price
2016-12-15 01:15:34 INFO  Application:57 - Generating random Quantity
2016-12-15 01:15:34 INFO  StockController:39 - Called sell method.
2016-12-15 01:15:34 INFO  StockController:50 - Called calculateVolumeWeightedStockPrice method.
2016-12-15 01:15:34 INFO  Application:46 - The Volume Weighted Stock Price is -2.973530818811852
2016-12-15 01:15:34 INFO  StockController:56 - Called calculateGBCE method.
2016-12-15 01:15:34 INFO  Application:47 - The GBCE Price is 3.524597906828256E-40
